<?xml version="1.0" encoding="UTF-8"?>
<testsuite xmlns:xsi="http://www.w3.org/2001/XMLSchema-instance" xsi:noNamespaceSchemaLocation="https://maven.apache.org/surefire/maven-surefire-plugin/xsd/surefire-test-report-3.0.xsd" version="3.0" name="TestSuite" time="54.591" tests="1" errors="0" skipped="0" failures="1">
  <properties>
    <property name="java.specification.version" value="14"/>
    <property name="sun.jnu.encoding" value="UTF-8"/>
    <property name="java.class.path" value="/Users/lindsaywalker/Git/SauceAppiumSample/target/test-classes:/Users/lindsaywalker/Git/SauceAppiumSample/target/classes:/Users/lindsaywalker/.m2/repository/org/testng/testng/6.14.3/testng-6.14.3.jar:/Users/lindsaywalker/.m2/repository/com/beust/jcommander/1.72/jcommander-1.72.jar:/Users/lindsaywalker/.m2/repository/org/apache-extras/beanshell/bsh/2.0b6/bsh-2.0b6.jar:/Users/lindsaywalker/.m2/repository/org/seleniumhq/selenium/selenium-api/3.141.59/selenium-api-3.141.59.jar:/Users/lindsaywalker/.m2/repository/org/seleniumhq/selenium/selenium-java/3.141.59/selenium-java-3.141.59.jar:/Users/lindsaywalker/.m2/repository/org/seleniumhq/selenium/selenium-chrome-driver/3.141.59/selenium-chrome-driver-3.141.59.jar:/Users/lindsaywalker/.m2/repository/org/seleniumhq/selenium/selenium-edge-driver/3.141.59/selenium-edge-driver-3.141.59.jar:/Users/lindsaywalker/.m2/repository/org/seleniumhq/selenium/selenium-firefox-driver/3.141.59/selenium-firefox-driver-3.141.59.jar:/Users/lindsaywalker/.m2/repository/org/seleniumhq/selenium/selenium-ie-driver/3.141.59/selenium-ie-driver-3.141.59.jar:/Users/lindsaywalker/.m2/repository/org/seleniumhq/selenium/selenium-opera-driver/3.141.59/selenium-opera-driver-3.141.59.jar:/Users/lindsaywalker/.m2/repository/org/seleniumhq/selenium/selenium-remote-driver/3.141.59/selenium-remote-driver-3.141.59.jar:/Users/lindsaywalker/.m2/repository/org/seleniumhq/selenium/selenium-safari-driver/3.141.59/selenium-safari-driver-3.141.59.jar:/Users/lindsaywalker/.m2/repository/org/seleniumhq/selenium/selenium-support/3.141.59/selenium-support-3.141.59.jar:/Users/lindsaywalker/.m2/repository/net/bytebuddy/byte-buddy/1.8.15/byte-buddy-1.8.15.jar:/Users/lindsaywalker/.m2/repository/org/apache/commons/commons-exec/1.3/commons-exec-1.3.jar:/Users/lindsaywalker/.m2/repository/com/google/guava/guava/25.0-jre/guava-25.0-jre.jar:/Users/lindsaywalker/.m2/repository/com/google/code/findbugs/jsr305/1.3.9/jsr305-1.3.9.jar:/Users/lindsaywalker/.m2/repository/org/checkerframework/checker-compat-qual/2.0.0/checker-compat-qual-2.0.0.jar:/Users/lindsaywalker/.m2/repository/com/google/errorprone/error_prone_annotations/2.1.3/error_prone_annotations-2.1.3.jar:/Users/lindsaywalker/.m2/repository/com/google/j2objc/j2objc-annotations/1.1/j2objc-annotations-1.1.jar:/Users/lindsaywalker/.m2/repository/org/codehaus/mojo/animal-sniffer-annotations/1.14/animal-sniffer-annotations-1.14.jar:/Users/lindsaywalker/.m2/repository/com/squareup/okhttp3/okhttp/3.11.0/okhttp-3.11.0.jar:/Users/lindsaywalker/.m2/repository/com/squareup/okio/okio/1.14.0/okio-1.14.0.jar:/Users/lindsaywalker/.m2/repository/commons-logging/commons-logging/1.2/commons-logging-1.2.jar:/Users/lindsaywalker/.m2/repository/org/hamcrest/hamcrest-core/1.3/hamcrest-core-1.3.jar:/Users/lindsaywalker/.m2/repository/log4j/log4j/1.2.17/log4j-1.2.17.jar:/Users/lindsaywalker/.m2/repository/org/assertj/assertj-core/3.10.0/assertj-core-3.10.0.jar:/Users/lindsaywalker/.m2/repository/io/appium/java-client/7.4.1/java-client-7.4.1.jar:/Users/lindsaywalker/.m2/repository/com/google/code/gson/gson/2.8.6/gson-2.8.6.jar:/Users/lindsaywalker/.m2/repository/org/apache/httpcomponents/httpclient/4.5.13/httpclient-4.5.13.jar:/Users/lindsaywalker/.m2/repository/org/apache/httpcomponents/httpcore/4.4.13/httpcore-4.4.13.jar:/Users/lindsaywalker/.m2/repository/commons-codec/commons-codec/1.11/commons-codec-1.11.jar:/Users/lindsaywalker/.m2/repository/cglib/cglib/3.3.0/cglib-3.3.0.jar:/Users/lindsaywalker/.m2/repository/org/ow2/asm/asm/7.1/asm-7.1.jar:/Users/lindsaywalker/.m2/repository/commons-validator/commons-validator/1.7/commons-validator-1.7.jar:/Users/lindsaywalker/.m2/repository/commons-beanutils/commons-beanutils/1.9.4/commons-beanutils-1.9.4.jar:/Users/lindsaywalker/.m2/repository/commons-digester/commons-digester/2.1/commons-digester-2.1.jar:/Users/lindsaywalker/.m2/repository/commons-collections/commons-collections/3.2.2/commons-collections-3.2.2.jar:/Users/lindsaywalker/.m2/repository/org/apache/commons/commons-lang3/3.11/commons-lang3-3.11.jar:/Users/lindsaywalker/.m2/repository/commons-io/commons-io/2.8.0/commons-io-2.8.0.jar:/Users/lindsaywalker/.m2/repository/org/springframework/spring-context/5.3.1/spring-context-5.3.1.jar:/Users/lindsaywalker/.m2/repository/org/springframework/spring-aop/5.3.1/spring-aop-5.3.1.jar:/Users/lindsaywalker/.m2/repository/org/springframework/spring-beans/5.3.1/spring-beans-5.3.1.jar:/Users/lindsaywalker/.m2/repository/org/springframework/spring-core/5.3.1/spring-core-5.3.1.jar:/Users/lindsaywalker/.m2/repository/org/springframework/spring-jcl/5.3.1/spring-jcl-5.3.1.jar:/Users/lindsaywalker/.m2/repository/org/springframework/spring-expression/5.3.1/spring-expression-5.3.1.jar:/Users/lindsaywalker/.m2/repository/org/aspectj/aspectjweaver/1.9.6/aspectjweaver-1.9.6.jar:/Users/lindsaywalker/.m2/repository/org/slf4j/slf4j-api/1.7.30/slf4j-api-1.7.30.jar:/Users/lindsaywalker/.m2/repository/org/json/json/20201115/json-20201115.jar:"/>
    <property name="java.vm.vendor" value="Oracle Corporation"/>
    <property name="sun.arch.data.model" value="64"/>
    <property name="java.vendor.url" value="https://java.oracle.com/"/>
    <property name="user.timezone" value="America/Chicago"/>
    <property name="os.name" value="Mac OS X"/>
    <property name="java.vm.specification.version" value="14"/>
    <property name="sun.java.launcher" value="SUN_STANDARD"/>
    <property name="user.country" value="US"/>
    <property name="sun.boot.library.path" value="/Library/Java/JavaVirtualMachines/jdk-14.0.2.jdk/Contents/Home/lib"/>
    <property name="sun.java.command" value="/Users/lindsaywalker/Git/SauceAppiumSample/target/surefire/surefirebooter12040097693831111721.jar /Users/lindsaywalker/Git/SauceAppiumSample/target/surefire 2021-07-21T17-59-03_206-jvmRun1 surefire3285687216197996090tmp surefire_07484191457305917719tmp"/>
    <property name="http.nonProxyHosts" value="local|*.local|169.254/16|*.169.254/16"/>
    <property name="jdk.debug" value="release"/>
    <property name="surefire.test.class.path" value="/Users/lindsaywalker/Git/SauceAppiumSample/target/test-classes:/Users/lindsaywalker/Git/SauceAppiumSample/target/classes:/Users/lindsaywalker/.m2/repository/org/testng/testng/6.14.3/testng-6.14.3.jar:/Users/lindsaywalker/.m2/repository/com/beust/jcommander/1.72/jcommander-1.72.jar:/Users/lindsaywalker/.m2/repository/org/apache-extras/beanshell/bsh/2.0b6/bsh-2.0b6.jar:/Users/lindsaywalker/.m2/repository/org/seleniumhq/selenium/selenium-api/3.141.59/selenium-api-3.141.59.jar:/Users/lindsaywalker/.m2/repository/org/seleniumhq/selenium/selenium-java/3.141.59/selenium-java-3.141.59.jar:/Users/lindsaywalker/.m2/repository/org/seleniumhq/selenium/selenium-chrome-driver/3.141.59/selenium-chrome-driver-3.141.59.jar:/Users/lindsaywalker/.m2/repository/org/seleniumhq/selenium/selenium-edge-driver/3.141.59/selenium-edge-driver-3.141.59.jar:/Users/lindsaywalker/.m2/repository/org/seleniumhq/selenium/selenium-firefox-driver/3.141.59/selenium-firefox-driver-3.141.59.jar:/Users/lindsaywalker/.m2/repository/org/seleniumhq/selenium/selenium-ie-driver/3.141.59/selenium-ie-driver-3.141.59.jar:/Users/lindsaywalker/.m2/repository/org/seleniumhq/selenium/selenium-opera-driver/3.141.59/selenium-opera-driver-3.141.59.jar:/Users/lindsaywalker/.m2/repository/org/seleniumhq/selenium/selenium-remote-driver/3.141.59/selenium-remote-driver-3.141.59.jar:/Users/lindsaywalker/.m2/repository/org/seleniumhq/selenium/selenium-safari-driver/3.141.59/selenium-safari-driver-3.141.59.jar:/Users/lindsaywalker/.m2/repository/org/seleniumhq/selenium/selenium-support/3.141.59/selenium-support-3.141.59.jar:/Users/lindsaywalker/.m2/repository/net/bytebuddy/byte-buddy/1.8.15/byte-buddy-1.8.15.jar:/Users/lindsaywalker/.m2/repository/org/apache/commons/commons-exec/1.3/commons-exec-1.3.jar:/Users/lindsaywalker/.m2/repository/com/google/guava/guava/25.0-jre/guava-25.0-jre.jar:/Users/lindsaywalker/.m2/repository/com/google/code/findbugs/jsr305/1.3.9/jsr305-1.3.9.jar:/Users/lindsaywalker/.m2/repository/org/checkerframework/checker-compat-qual/2.0.0/checker-compat-qual-2.0.0.jar:/Users/lindsaywalker/.m2/repository/com/google/errorprone/error_prone_annotations/2.1.3/error_prone_annotations-2.1.3.jar:/Users/lindsaywalker/.m2/repository/com/google/j2objc/j2objc-annotations/1.1/j2objc-annotations-1.1.jar:/Users/lindsaywalker/.m2/repository/org/codehaus/mojo/animal-sniffer-annotations/1.14/animal-sniffer-annotations-1.14.jar:/Users/lindsaywalker/.m2/repository/com/squareup/okhttp3/okhttp/3.11.0/okhttp-3.11.0.jar:/Users/lindsaywalker/.m2/repository/com/squareup/okio/okio/1.14.0/okio-1.14.0.jar:/Users/lindsaywalker/.m2/repository/commons-logging/commons-logging/1.2/commons-logging-1.2.jar:/Users/lindsaywalker/.m2/repository/org/hamcrest/hamcrest-core/1.3/hamcrest-core-1.3.jar:/Users/lindsaywalker/.m2/repository/log4j/log4j/1.2.17/log4j-1.2.17.jar:/Users/lindsaywalker/.m2/repository/org/assertj/assertj-core/3.10.0/assertj-core-3.10.0.jar:/Users/lindsaywalker/.m2/repository/io/appium/java-client/7.4.1/java-client-7.4.1.jar:/Users/lindsaywalker/.m2/repository/com/google/code/gson/gson/2.8.6/gson-2.8.6.jar:/Users/lindsaywalker/.m2/repository/org/apache/httpcomponents/httpclient/4.5.13/httpclient-4.5.13.jar:/Users/lindsaywalker/.m2/repository/org/apache/httpcomponents/httpcore/4.4.13/httpcore-4.4.13.jar:/Users/lindsaywalker/.m2/repository/commons-codec/commons-codec/1.11/commons-codec-1.11.jar:/Users/lindsaywalker/.m2/repository/cglib/cglib/3.3.0/cglib-3.3.0.jar:/Users/lindsaywalker/.m2/repository/org/ow2/asm/asm/7.1/asm-7.1.jar:/Users/lindsaywalker/.m2/repository/commons-validator/commons-validator/1.7/commons-validator-1.7.jar:/Users/lindsaywalker/.m2/repository/commons-beanutils/commons-beanutils/1.9.4/commons-beanutils-1.9.4.jar:/Users/lindsaywalker/.m2/repository/commons-digester/commons-digester/2.1/commons-digester-2.1.jar:/Users/lindsaywalker/.m2/repository/commons-collections/commons-collections/3.2.2/commons-collections-3.2.2.jar:/Users/lindsaywalker/.m2/repository/org/apache/commons/commons-lang3/3.11/commons-lang3-3.11.jar:/Users/lindsaywalker/.m2/repository/commons-io/commons-io/2.8.0/commons-io-2.8.0.jar:/Users/lindsaywalker/.m2/repository/org/springframework/spring-context/5.3.1/spring-context-5.3.1.jar:/Users/lindsaywalker/.m2/repository/org/springframework/spring-aop/5.3.1/spring-aop-5.3.1.jar:/Users/lindsaywalker/.m2/repository/org/springframework/spring-beans/5.3.1/spring-beans-5.3.1.jar:/Users/lindsaywalker/.m2/repository/org/springframework/spring-core/5.3.1/spring-core-5.3.1.jar:/Users/lindsaywalker/.m2/repository/org/springframework/spring-jcl/5.3.1/spring-jcl-5.3.1.jar:/Users/lindsaywalker/.m2/repository/org/springframework/spring-expression/5.3.1/spring-expression-5.3.1.jar:/Users/lindsaywalker/.m2/repository/org/aspectj/aspectjweaver/1.9.6/aspectjweaver-1.9.6.jar:/Users/lindsaywalker/.m2/repository/org/slf4j/slf4j-api/1.7.30/slf4j-api-1.7.30.jar:/Users/lindsaywalker/.m2/repository/org/json/json/20201115/json-20201115.jar:"/>
    <property name="sun.cpu.endian" value="little"/>
    <property name="user.home" value="/Users/lindsaywalker"/>
    <property name="user.language" value="en"/>
    <property name="java.specification.vendor" value="Oracle Corporation"/>
    <property name="java.version.date" value="2020-07-14"/>
    <property name="java.home" value="/Library/Java/JavaVirtualMachines/jdk-14.0.2.jdk/Contents/Home"/>
    <property name="file.separator" value="/"/>
    <property name="basedir" value="/Users/lindsaywalker/Git/SauceAppiumSample"/>
    <property name="java.vm.compressedOopsMode" value="Zero based"/>
    <property name="line.separator" value="&#10;"/>
    <property name="java.specification.name" value="Java Platform API Specification"/>
    <property name="java.vm.specification.vendor" value="Oracle Corporation"/>
    <property name="surefire.real.class.path" value="/Users/lindsaywalker/Git/SauceAppiumSample/target/surefire/surefirebooter12040097693831111721.jar"/>
    <property name="sun.management.compiler" value="HotSpot 64-Bit Tiered Compilers"/>
    <property name="ftp.nonProxyHosts" value="local|*.local|169.254/16|*.169.254/16"/>
    <property name="java.runtime.version" value="14.0.2+12-46"/>
    <property name="user.name" value="lindsaywalker"/>
    <property name="path.separator" value=":"/>
    <property name="os.version" value="10.15.7"/>
    <property name="java.runtime.name" value="Java(TM) SE Runtime Environment"/>
    <property name="file.encoding" value="UTF-8"/>
    <property name="java.vm.name" value="Java HotSpot(TM) 64-Bit Server VM"/>
    <property name="localRepository" value="/Users/lindsaywalker/.m2/repository"/>
    <property name="java.vendor.url.bug" value="https://bugreport.java.com/bugreport/"/>
    <property name="java.io.tmpdir" value="/var/folders/rr/hxclw1vx3xncwrxj8d56gb700000gn/T/"/>
    <property name="java.version" value="14.0.2"/>
    <property name="user.dir" value="/Users/lindsaywalker/Git/SauceAppiumSample"/>
    <property name="os.arch" value="x86_64"/>
    <property name="java.vm.specification.name" value="Java Virtual Machine Specification"/>
    <property name="java.library.path" value="/Users/lindsaywalker/Library/Java/Extensions:/Library/Java/Extensions:/Network/Library/Java/Extensions:/System/Library/Java/Extensions:/usr/lib/java:."/>
    <property name="java.vm.info" value="mixed mode, sharing"/>
    <property name="java.vendor" value="Oracle Corporation"/>
    <property name="java.vm.version" value="14.0.2+12-46"/>
    <property name="sun.io.unicode.encoding" value="UnicodeBig"/>
    <property name="socksNonProxyHosts" value="local|*.local|169.254/16|*.169.254/16"/>
    <property name="java.class.version" value="58.0"/>
  </properties>
  <testcase name="loginToSwagLabsWebTestValid" classname="tests.EmuSim.Appium_Android_EMU_Web_Test" time="7.161">
    <failure message="no such element: Unable to locate element: {&quot;method&quot;:&quot;class name&quot;,&quot;selector&quot;:&quot;product_label&quot;}&#10;  (Session info: chrome=88.0.4324.181)&#10;  (Driver info: chromedriver=88.0.4324.96 (68dba2d8a0b149a1d3afac56fa74648032bcf46b-refs/branch-heads/4324@{#1784}),platform=Linux 5.4.0-74-generic x86_64) (WARNING: The server did not provide any stacktrace information)&#10;Command duration or timeout: 0 milliseconds&#10;For documentation on this error, please visit: https://www.seleniumhq.org/exceptions/no_such_element.html&#10;Build info: version: &apos;3.141.59&apos;, revision: &apos;e82be7d358&apos;, time: &apos;2018-11-14T08:17:03&apos;&#10;System info: host: &apos;SL-1134&apos;, ip: &apos;fe80:0:0:0:4eb:b03a:487b:7392%en0&apos;, os.name: &apos;Mac OS X&apos;, os.arch: &apos;x86_64&apos;, os.version: &apos;10.15.7&apos;, java.version: &apos;14.0.2&apos;&#10;Driver info: io.appium.java_client.android.AndroidDriver&#10;Capabilities {appActivity: com.google.android.apps.chr..., appPackage: com.android.chrome, automationName: UiAutomator2, browserName: chrome, databaseEnabled: false, desired: {automationName: UiAutomator2, browserName: chrome, deviceName: Android GoogleAPI Emulator, eventTimings: true, goog:chromeOptions: {args: [], extensions: [], w3c: false}, maxTypingFrequency: 8, newCommandTimeout: 0, noReset: true, noSign: true, orientation: PORTRAIT, platformName: Android, platformVersion: 11.0, proxy: {proxyAutoconfigUrl: http://127.0.0.1:19876/pac.js, proxyType: PAC}, udid: emulator-5554, webdriver.remote.quietExceptions: false}, deviceApiLevel: 30, deviceManufacturer: Google, deviceModel: sdk_gphone_x86_64_arm64, deviceName: emulator-5554, deviceScreenDensity: 320, deviceScreenSize: 768x1280, deviceUDID: emulator-5554, eventTimings: true, goog:chromeOptions: {args: [], extensions: [], w3c: false}, hasMetadata: true, javascriptEnabled: true, locationContextEnabled: false, maxTypingFrequency: 8, networkConnectionEnabled: true, newCommandTimeout: 0, noReset: true, noSign: true, orientation: PORTRAIT, pixelRatio: 2, platform: LINUX, platformName: Android, platformVersion: 11, proxy: Proxy(pac: http://127.0.0.1..., statBarHeight: 48, takesScreenshot: true, udid: emulator-5554, viewportRect: {height: 1136, left: 0, top: 48, width: 768}, warnings: {}, webStorageEnabled: false, webdriver.remote.quietExceptions: false, webdriver.remote.sessionid: 5705ad6c7a42435d9fd6c81132c...}&#10;Session ID: 5705ad6c7a42435d9fd6c81132c163d1&#10;*** Element info: {Using=class name, value=product_label}" type="org.openqa.selenium.NoSuchElementException"><![CDATA[org.openqa.selenium.NoSuchElementException: 
no such element: Unable to locate element: {"method":"class name","selector":"product_label"}
  (Session info: chrome=88.0.4324.181)
  (Driver info: chromedriver=88.0.4324.96 (68dba2d8a0b149a1d3afac56fa74648032bcf46b-refs/branch-heads/4324@{#1784}),platform=Linux 5.4.0-74-generic x86_64) (WARNING: The server did not provide any stacktrace information)
Command duration or timeout: 0 milliseconds
For documentation on this error, please visit: https://www.seleniumhq.org/exceptions/no_such_element.html
Build info: version: '3.141.59', revision: 'e82be7d358', time: '2018-11-14T08:17:03'
System info: host: 'SL-1134', ip: 'fe80:0:0:0:4eb:b03a:487b:7392%en0', os.name: 'Mac OS X', os.arch: 'x86_64', os.version: '10.15.7', java.version: '14.0.2'
Driver info: io.appium.java_client.android.AndroidDriver
Capabilities {appActivity: com.google.android.apps.chr..., appPackage: com.android.chrome, automationName: UiAutomator2, browserName: chrome, databaseEnabled: false, desired: {automationName: UiAutomator2, browserName: chrome, deviceName: Android GoogleAPI Emulator, eventTimings: true, goog:chromeOptions: {args: [], extensions: [], w3c: false}, maxTypingFrequency: 8, newCommandTimeout: 0, noReset: true, noSign: true, orientation: PORTRAIT, platformName: Android, platformVersion: 11.0, proxy: {proxyAutoconfigUrl: http://127.0.0.1:19876/pac.js, proxyType: PAC}, udid: emulator-5554, webdriver.remote.quietExceptions: false}, deviceApiLevel: 30, deviceManufacturer: Google, deviceModel: sdk_gphone_x86_64_arm64, deviceName: emulator-5554, deviceScreenDensity: 320, deviceScreenSize: 768x1280, deviceUDID: emulator-5554, eventTimings: true, goog:chromeOptions: {args: [], extensions: [], w3c: false}, hasMetadata: true, javascriptEnabled: true, locationContextEnabled: false, maxTypingFrequency: 8, networkConnectionEnabled: true, newCommandTimeout: 0, noReset: true, noSign: true, orientation: PORTRAIT, pixelRatio: 2, platform: LINUX, platformName: Android, platformVersion: 11, proxy: Proxy(pac: http://127.0.0.1..., statBarHeight: 48, takesScreenshot: true, udid: emulator-5554, viewportRect: {height: 1136, left: 0, top: 48, width: 768}, warnings: {}, webStorageEnabled: false, webdriver.remote.quietExceptions: false, webdriver.remote.sessionid: 5705ad6c7a42435d9fd6c81132c...}
Session ID: 5705ad6c7a42435d9fd6c81132c163d1
*** Element info: {Using=class name, value=product_label}
	at tests.EmuSim.Appium_Android_EMU_Web_Test.isOnProductsPage(Appium_Android_EMU_Web_Test.java:111)
	at tests.EmuSim.Appium_Android_EMU_Web_Test.loginToSwagLabsWebTestValid(Appium_Android_EMU_Web_Test.java:94)
]]></failure>
    <system-out><![CDATA[Sauce Android Web - BeforeMethod hook
Sauce - Start loginToSwagLabsTestValid test
]]></system-out>
    <system-err><![CDATA[Jul 21, 2021 5:59:50 PM io.appium.java_client.remote.AppiumCommandExecutor$1 lambda$0
INFO: Detected dialect: OSS
]]></system-err>
  </testcase>
</testsuite>